{
  "RSpec": {
    "coverage": {
      "/Users/samlandman/Google Drive/Projects/week10/banktechtest/lib/bank.rb": {
        "lines": [
          1,
          null,
          1,
          11,
          11,
          null,
          null,
          1,
          9,
          7,
          7,
          null,
          null,
          1,
          5,
          5,
          4,
          4,
          null,
          null,
          1,
          4,
          null,
          null,
          1,
          4,
          null,
          4,
          5,
          null,
          null,
          4,
          null,
          null,
          1,
          null,
          1,
          2,
          2,
          null,
          null,
          null,
          1,
          11,
          null,
          null,
          1,
          11,
          null,
          null,
          1,
          14,
          null,
          null,
          1,
          5,
          null,
          null,
          null
        ]
      },
      "/Users/samlandman/Google Drive/Projects/week10/banktechtest/lib/printer.rb": {
        "lines": [
          1,
          null,
          1,
          5,
          5,
          6,
          null,
          5,
          16,
          null,
          null,
          1,
          6,
          6,
          null,
          6,
          0,
          null,
          6,
          null,
          null,
          6,
          null,
          null,
          1,
          12,
          12,
          12,
          14,
          14,
          14,
          14,
          14,
          14,
          14,
          12,
          null,
          2,
          null,
          null,
          12,
          null,
          null,
          1,
          5,
          null,
          null,
          1,
          24,
          18,
          null,
          null,
          null,
          null
        ]
      }
    },
    "timestamp": 1597146629
  }
}
